[INFO ] 2022-09-04 17:43:07.938 [main] firststepdefinition - The App was launched successfully
[INFO ] 2022-09-04 18:16:38.323 [main] firststepdefinition - The App was launched successfully
[INFO ] 2022-09-04 18:18:11.681 [main] firststepdefinition - The App was launched successfully
[INFO ] 2022-09-04 18:18:43.063 [main] firststepdefinition - The App was launched successfully
[INFO ] 2022-09-04 18:18:44.250 [main] firststepdefinition - The user enter the Name
[INFO ] 2022-09-04 18:18:44.858 [main] firststepdefinition - The user enter the Number
[INFO ] 2022-09-04 18:18:45.460 [main] firststepdefinition - The user clicks on the submit button
[INFO ] 2022-09-04 18:19:05.987 [main] firststepdefinition - The user select the City
[INFO ] 2022-09-04 18:19:07.710 [main] firststepdefinition - The user select Submit button
[INFO ] 2022-09-04 18:24:05.454 [main] firststepdefinition - The App was launched successfully
[INFO ] 2022-09-04 18:24:06.164 [main] firststepdefinition - The user enter the Name
[INFO ] 2022-09-04 18:24:06.752 [main] firststepdefinition - The user enter the Number
[INFO ] 2022-09-04 18:24:07.350 [main] firststepdefinition - The user clicks on the submit button
[INFO ] 2022-09-04 18:24:28.283 [main] firststepdefinition - The user select the City
[INFO ] 2022-09-04 18:24:30.163 [main] firststepdefinition - The user select Submit button
[INFO ] 2022-09-04 18:25:31.234 [main] firststepdefinition - The App was launched successfully
[INFO ] 2022-09-04 18:25:50.551 [main] firststepdefinition - The App was launched successfully
[INFO ] 2022-09-04 18:26:04.207 [main] firststepdefinition - The App was launched successfully
[INFO ] 2022-09-04 18:26:19.544 [main] firststepdefinition - The App was launched successfully
[INFO ] 2022-09-04 18:26:41.556 [main] firststepdefinition - The App was launched successfully
[INFO ] 2022-09-04 18:27:27.067 [main] firststepdefinition - The App was launched successfully
[INFO ] 2022-09-04 18:27:53.146 [main] firststepdefinition - The App was launched successfully
[INFO ] 2022-09-04 18:27:53.867 [main] firststepdefinition - The user enter the Name
[INFO ] 2022-09-04 18:27:54.441 [main] firststepdefinition - The user enter the Number
[INFO ] 2022-09-04 18:27:55.041 [main] firststepdefinition - The user clicks on the submit button
[INFO ] 2022-09-04 18:28:15.157 [main] firststepdefinition - The user select the City
[INFO ] 2022-09-04 18:28:20.964 [main] firststepdefinition - The user select Submit button
[INFO ] 2022-09-04 18:28:25.995 [main] firststepdefinition - The user select the gender
[INFO ] 2022-09-04 18:28:29.100 [main] firststepdefinition - The user select the qulaification
[INFO ] 2022-09-04 18:28:32.801 [main] firststepdefinition - The user select the medium
[INFO ] 2022-09-04 18:28:35.943 [main] firststepdefinition - The user select the language
[INFO ] 2022-09-04 18:28:36.667 [main] firststepdefinition - The user select the experience
